[7, 8, 12, 7, 10, 8, 8, 8, 3, 4, 8, 9, 4, 10, 9, 8, 7, 10, 3, 8, 12, 8, 8, 7, 7, 3, 7, 7, 6, 7, 7, 7, 5, 7, 5, 7, 6, 5, 11, 7, 7, 5, 7, 7, 5, 7, 8, 5, 7, 7, 9, 9, 6, 4, 6, 7, 8, 8, 7, 6, 7, 7, 7, 7, 8, 7, 6, 7, 4, 6, 12, 6, 12, 12, 8, 7, 7, 5, 8, 10, 7, 5, 10, 6, 7, 7, 8, 5, 7, 7, 7, 5, 7, 7, 7, 5, 7, 7, 7, 7]
Approximated HD error: 0.244031%	Area percentage: 67.363626%	Cell number percentage: 98.507463%
[7, 8, 12, 7, 10, 8, 8, 8, 3, 4, 8, 9, 4, 10, 9, 8, 7, 10, 3, 8, 12, 8, 8, 7, 7, 3, 7, 7, 6, 7, 7, 7, 5, 7, 5, 7, 6, 5, 11, 7, 7, 5, 7, 7, 5, 7, 8, 5, 7, 7, 9, 9, 6, 4, 6, 7, 8, 8, 7, 6, 7, 7, 7, 7, 8, 7, 6, 7, 4, 6, 12, 6, 12, 12, 8, 7, 7, 5, 7, 10, 7, 5, 10, 6, 7, 7, 8, 5, 7, 7, 7, 5, 7, 7, 7, 5, 7, 7, 7, 7]
Approximated HD error: 0.631240%	Area percentage: 53.276486%	Cell number percentage: 98.844487%
[7, 8, 12, 7, 10, 8, 8, 8, 3, 4, 8, 9, 4, 10, 9, 8, 7, 10, 3, 8, 12, 8, 8, 7, 7, 3, 7, 7, 6, 7, 7, 7, 5, 7, 5, 7, 6, 5, 11, 7, 7, 5, 7, 7, 5, 7, 8, 5, 7, 7, 9, 9, 6, 4, 6, 7, 8, 8, 7, 6, 6, 7, 7, 7, 8, 7, 6, 7, 4, 6, 12, 6, 12, 12, 8, 7, 7, 5, 7, 10, 7, 5, 10, 6, 7, 7, 8, 5, 7, 7, 7, 5, 7, 7, 7, 5, 7, 7, 7, 7]
Approximated HD error: 1.024109%	Area percentage: 50.274501%	Cell number percentage: 98.700048%
[7, 8, 12, 7, 10, 8, 8, 8, 3, 4, 8, 9, 4, 10, 9, 8, 7, 10, 3, 8, 12, 8, 8, 7, 7, 3, 7, 7, 6, 7, 7, 7, 5, 7, 5, 7, 6, 5, 11, 7, 7, 5, 6, 7, 5, 7, 8, 5, 7, 7, 9, 9, 6, 4, 6, 7, 8, 8, 7, 6, 6, 7, 7, 7, 8, 7, 6, 7, 4, 6, 12, 6, 12, 12, 8, 7, 7, 5, 7, 10, 7, 5, 10, 6, 7, 7, 8, 5, 7, 7, 7, 5, 7, 7, 7, 5, 7, 7, 7, 7]
Approximated HD error: 1.118527%	Area percentage: 49.597010%	Cell number percentage: 98.603755%
[7, 8, 12, 7, 10, 8, 8, 8, 3, 4, 8, 9, 4, 10, 9, 8, 7, 10, 3, 8, 12, 8, 8, 7, 7, 3, 7, 7, 6, 7, 7, 7, 5, 7, 5, 7, 6, 5, 11, 7, 7, 5, 6, 7, 5, 7, 8, 5, 7, 7, 9, 9, 6, 4, 6, 7, 8, 8, 7, 6, 6, 7, 7, 7, 8, 7, 6, 7, 4, 6, 12, 6, 12, 12, 8, 7, 7, 5, 7, 10, 7, 5, 10, 6, 7, 7, 8, 5, 7, 7, 7, 5, 7, 7, 7, 5, 7, 7, 7, 6]
Approximated HD error: 1.501550%	Area percentage: 49.129775%	Cell number percentage: 98.603755%
[7, 8, 12, 7, 10, 8, 8, 8, 3, 4, 8, 9, 4, 10, 9, 8, 7, 10, 3, 8, 12, 8, 8, 7, 7, 3, 7, 7, 6, 7, 7, 7, 5, 7, 5, 7, 6, 5, 11, 7, 7, 5, 6, 7, 5, 7, 8, 5, 7, 7, 9, 9, 6, 4, 6, 7, 8, 8, 7, 6, 6, 7, 7, 7, 8, 7, 6, 7, 4, 6, 12, 6, 12, 12, 8, 7, 7, 5, 7, 10, 7, 5, 10, 6, 7, 7, 8, 5, 7, 7, 7, 5, 7, 6, 7, 5, 7, 7, 7, 6]
Approximated HD error: 1.893101%	Area percentage: 47.622941%	Cell number percentage: 98.700048%
[7, 8, 12, 7, 10, 8, 8, 8, 3, 4, 8, 9, 4, 10, 9, 8, 7, 10, 3, 8, 12, 8, 8, 7, 7, 3, 7, 7, 6, 7, 7, 7, 5, 7, 5, 7, 6, 5, 11, 7, 7, 5, 6, 7, 5, 7, 8, 5, 7, 7, 9, 9, 6, 4, 6, 7, 8, 8, 7, 6, 6, 7, 7, 7, 8, 7, 6, 7, 3, 6, 12, 6, 12, 12, 8, 7, 7, 5, 7, 10, 7, 5, 10, 6, 7, 7, 8, 5, 7, 7, 7, 5, 7, 6, 7, 5, 7, 7, 7, 6]
Approximated HD error: 2.281163%	Area percentage: 46.221236%	Cell number percentage: 99.759268%
[7, 8, 12, 7, 10, 8, 8, 8, 3, 4, 8, 9, 4, 10, 9, 8, 7, 10, 3, 8, 12, 8, 8, 7, 7, 3, 7, 7, 6, 6, 7, 7, 5, 7, 5, 7, 6, 5, 11, 7, 7, 5, 6, 7, 5, 7, 8, 5, 7, 7, 9, 9, 6, 4, 6, 7, 8, 8, 7, 6, 6, 7, 7, 7, 8, 7, 6, 7, 3, 6, 12, 6, 12, 12, 8, 7, 7, 5, 7, 10, 7, 5, 10, 6, 7, 7, 8, 5, 7, 7, 7, 5, 7, 6, 7, 5, 7, 7, 7, 6]
Approximated HD error: 2.671395%	Area percentage: 45.999299%	Cell number percentage: 98.459316%
[7, 8, 12, 7, 10, 8, 8, 8, 3, 4, 8, 9, 4, 10, 9, 8, 7, 10, 3, 8, 12, 8, 8, 7, 7, 3, 7, 7, 6, 5, 7, 7, 5, 7, 5, 7, 6, 5, 11, 7, 7, 5, 6, 7, 5, 7, 8, 5, 7, 7, 9, 9, 6, 4, 6, 7, 8, 8, 7, 6, 6, 7, 7, 7, 8, 7, 6, 7, 3, 6, 12, 6, 12, 12, 8, 7, 7, 5, 7, 10, 7, 5, 10, 6, 7, 7, 8, 5, 7, 7, 7, 5, 7, 6, 7, 5, 7, 7, 7, 6]
Approximated HD error: 3.057054%	Area percentage: 45.625511%	Cell number percentage: 98.314877%
[7, 7, 12, 7, 10, 8, 8, 8, 3, 4, 8, 9, 4, 10, 9, 8, 7, 10, 3, 8, 12, 8, 8, 7, 7, 3, 7, 7, 6, 5, 7, 7, 5, 7, 5, 7, 6, 5, 11, 7, 7, 5, 6, 7, 5, 7, 8, 5, 7, 7, 9, 9, 6, 4, 6, 7, 8, 8, 7, 6, 6, 7, 7, 7, 8, 7, 6, 7, 3, 6, 12, 6, 12, 12, 8, 7, 7, 5, 7, 10, 7, 5, 10, 6, 7, 7, 8, 5, 7, 7, 7, 5, 7, 6, 7, 5, 7, 7, 7, 6]
Approximated HD error: 3.396744%	Area percentage: 45.251723%	Cell number percentage: 98.218584%
[7, 7, 12, 7, 10, 8, 8, 8, 3, 4, 8, 9, 4, 10, 9, 8, 7, 10, 3, 8, 12, 8, 8, 7, 7, 3, 7, 7, 6, 5, 7, 7, 5, 7, 5, 7, 6, 5, 11, 7, 7, 5, 6, 7, 5, 7, 8, 5, 7, 7, 9, 9, 6, 4, 6, 7, 8, 8, 7, 5, 6, 7, 7, 7, 8, 7, 6, 7, 3, 6, 12, 6, 12, 12, 8, 7, 7, 5, 7, 10, 7, 5, 10, 6, 7, 7, 8, 5, 7, 7, 7, 5, 7, 6, 7, 5, 7, 7, 7, 6]
Approximated HD error: 3.722403%	Area percentage: 44.889616%	Cell number percentage: 97.881560%
[7, 7, 12, 7, 10, 8, 8, 8, 3, 4, 8, 9, 4, 10, 9, 8, 7, 10, 3, 8, 12, 8, 8, 7, 7, 2, 7, 7, 6, 5, 7, 7, 5, 7, 5, 7, 6, 5, 11, 7, 7, 5, 6, 7, 5, 7, 8, 5, 7, 7, 9, 9, 6, 4, 6, 7, 8, 8, 7, 5, 6, 7, 7, 7, 8, 7, 6, 7, 3, 6, 12, 6, 12, 12, 8, 7, 7, 5, 7, 10, 7, 5, 10, 6, 7, 7, 8, 5, 7, 7, 7, 5, 7, 6, 7, 5, 7, 7, 7, 6]
Approximated HD error: 3.818760%	Area percentage: 44.574232%	Cell number percentage: 97.833414%
[7, 7, 12, 7, 10, 8, 8, 8, 3, 4, 8, 9, 4, 10, 9, 8, 7, 9, 3, 8, 12, 8, 8, 7, 7, 2, 7, 7, 6, 5, 7, 7, 5, 7, 5, 7, 6, 5, 11, 7, 7, 5, 6, 7, 5, 7, 8, 5, 7, 7, 9, 9, 6, 4, 6, 7, 8, 8, 7, 5, 6, 7, 7, 7, 8, 7, 6, 7, 3, 6, 12, 6, 12, 12, 8, 7, 7, 5, 7, 10, 7, 5, 10, 6, 7, 7, 8, 5, 7, 7, 7, 5, 7, 6, 7, 5, 7, 7, 7, 6]
Approximated HD error: 4.179612%	Area percentage: 44.410700%	Cell number percentage: 97.785267%
