[6, 5, 11, 2, 16, 4, 5, 5, 6, 2, 7, 2, 2, 5, 7, 1, 6, 8, 2, 2, 2, 10, 4, 2, 3, 3, 3, 11, 1, 5, 5, 5, 6, 4, 1, 4, 3, 4, 8, 6, 1, 7, 7, 2, 6, 5, 10, 4, 3, 2]
Approximated HD error: 0.030000%	Area percentage: 97.018060%	Time used: 2102.976840 sec
[6, 5, 11, 2, 16, 4, 5, 5, 6, 2, 7, 2, 2, 5, 7, 1, 6, 8, 2, 2, 2, 10, 4, 2, 3, 3, 3, 11, 1, 5, 5, 5, 6, 4, 1, 4, 3, 4, 8, 6, 1, 7, 7, 2, 6, 5, 10, 4, 2, 2]
Approximated HD error: 0.926667%	Area percentage: 98.656027%	Time used: 2082.204337 sec
[6, 5, 11, 2, 16, 4, 5, 5, 6, 2, 7, 2, 2, 5, 7, 1, 6, 8, 2, 2, 2, 10, 4, 2, 3, 3, 3, 11, 1, 5, 5, 5, 6, 3, 1, 4, 3, 4, 8, 6, 1, 7, 7, 2, 6, 5, 10, 4, 2, 2]
Approximated HD error: 1.333333%	Area percentage: 97.648047%	Time used: 2051.073183 sec
[6, 5, 11, 2, 16, 4, 5, 4, 6, 2, 7, 2, 2, 5, 7, 1, 6, 8, 2, 2, 2, 10, 4, 2, 3, 3, 3, 11, 1, 5, 5, 5, 6, 3, 1, 4, 3, 4, 8, 6, 1, 7, 7, 2, 6, 5, 10, 4, 2, 2]
Approximated HD error: 1.621667%	Area percentage: 96.682066%	Time used: 2052.956643 sec
[6, 5, 11, 2, 16, 4, 5, 4, 6, 2, 7, 2, 2, 4, 7, 1, 6, 8, 2, 2, 2, 10, 4, 2, 3, 3, 3, 11, 1, 5, 5, 5, 6, 3, 1, 4, 3, 4, 8, 6, 1, 7, 7, 2, 6, 5, 10, 4, 2, 2]
Approximated HD error: 1.645833%	Area percentage: 94.372113%	Time used: 2055.902844 sec
[6, 5, 11, 2, 16, 4, 5, 4, 6, 2, 7, 2, 2, 4, 7, 1, 6, 8, 2, 2, 2, 10, 4, 2, 2, 3, 3, 11, 1, 5, 5, 5, 6, 3, 1, 4, 3, 4, 8, 6, 1, 7, 7, 2, 6, 5, 10, 4, 2, 2]
Approximated HD error: 1.768333%	Area percentage: 95.128097%	Time used: 2046.802541 sec
[6, 5, 11, 2, 16, 4, 5, 4, 6, 2, 7, 2, 2, 4, 7, 1, 6, 8, 2, 2, 2, 10, 4, 2, 2, 2, 3, 11, 1, 5, 5, 5, 6, 3, 1, 4, 3, 4, 8, 6, 1, 7, 7, 2, 6, 5, 10, 4, 2, 2]
Approximated HD error: 3.539167%	Area percentage: 94.204116%	Time used: 1972.638002 sec
[6, 5, 11, 2, 16, 4, 5, 4, 6, 2, 7, 2, 2, 4, 7, 1, 6, 8, 2, 2, 2, 10, 4, 2, 2, 2, 3, 11, 1, 5, 5, 4, 6, 3, 1, 4, 3, 4, 8, 6, 1, 7, 7, 2, 6, 5, 10, 4, 2, 2]
Approximated HD error: 3.539167%	Area percentage: 91.768165%	Time used: 1925.095250 sec
[6, 5, 11, 2, 16, 4, 5, 4, 6, 2, 7, 2, 2, 4, 7, 1, 6, 8, 2, 2, 2, 10, 3, 2, 2, 2, 3, 11, 1, 5, 5, 4, 6, 3, 1, 4, 3, 4, 8, 6, 1, 7, 7, 2, 6, 5, 10, 4, 2, 2]
Approximated HD error: 3.761667%	Area percentage: 93.154137%	Time used: 1926.034022 sec
[6, 5, 11, 2, 16, 4, 5, 4, 6, 2, 7, 2, 2, 4, 7, 1, 6, 8, 2, 2, 2, 10, 3, 2, 2, 2, 3, 11, 1, 5, 5, 4, 6, 3, 1, 3, 3, 4, 8, 6, 1, 7, 7, 2, 6, 5, 10, 4, 2, 2]
Approximated HD error: 3.761667%	Area percentage: 92.566149%	Time used: 1918.652449 sec
[6, 5, 11, 2, 16, 4, 5, 4, 6, 2, 7, 2, 2, 4, 7, 1, 6, 8, 2, 2, 2, 10, 3, 2, 2, 2, 3, 11, 1, 5, 5, 4, 6, 3, 1, 2, 3, 4, 8, 6, 1, 7, 7, 2, 6, 5, 10, 4, 2, 2]
Approximated HD error: 4.655833%	Area percentage: 91.810164%	Time used: 1930.927277 sec
[6, 5, 11, 2, 16, 4, 5, 4, 6, 2, 7, 2, 2, 4, 7, 1, 6, 8, 2, 2, 2, 10, 3, 2, 2, 2, 3, 11, 1, 5, 5, 4, 6, 3, 1, 2, 3, 4, 8, 6, 1, 7, 7, 2, 6, 5, 9, 4, 2, 2]
Approximated HD error: 4.736667%	Area percentage: 91.222176%	Time used: 1846.482505 sec
[6, 5, 11, 2, 16, 4, 5, 4, 6, 2, 7, 2, 2, 4, 7, 1, 6, 8, 2, 2, 2, 10, 3, 2, 2, 2, 3, 11, 1, 5, 5, 4, 6, 3, 1, 2, 3, 4, 8, 5, 1, 7, 7, 2, 6, 5, 9, 4, 2, 2]
Approximated HD error: 4.736667%	Area percentage: 90.676186%	Time used: 1857.442783 sec
[6, 5, 11, 2, 16, 4, 5, 4, 6, 2, 7, 2, 2, 4, 7, 1, 6, 8, 2, 2, 2, 10, 3, 2, 2, 2, 3, 11, 1, 5, 5, 3, 6, 3, 1, 2, 3, 4, 8, 5, 1, 7, 7, 2, 6, 5, 9, 4, 2, 2]
Approximated HD error: 4.736667%	Area percentage: 90.172197%	Time used: 1871.082083 sec
[6, 5, 11, 2, 16, 4, 5, 4, 6, 2, 7, 2, 2, 4, 7, 1, 6, 8, 2, 2, 2, 10, 3, 2, 2, 2, 3, 11, 1, 5, 4, 3, 6, 3, 1, 2, 3, 4, 8, 5, 1, 7, 7, 2, 6, 5, 9, 4, 2, 2]
Approximated HD error: 5.362500%	Area percentage: 89.710206%	Time used: 1866.403470 sec
[6, 5, 11, 2, 16, 4, 5, 4, 6, 2, 7, 2, 2, 4, 7, 1, 5, 8, 2, 2, 2, 10, 3, 2, 2, 2, 3, 11, 1, 5, 4, 3, 6, 3, 1, 2, 3, 4, 8, 5, 1, 7, 7, 2, 6, 5, 9, 4, 2, 2]
Approximated HD error: 5.421667%	Area percentage: 87.652247%	Time used: 1844.333801 sec
[6, 5, 11, 2, 16, 4, 5, 4, 6, 2, 7, 2, 2, 4, 7, 1, 5, 8, 2, 2, 2, 10, 3, 2, 2, 2, 3, 11, 1, 5, 3, 3, 6, 3, 1, 2, 3, 4, 8, 5, 1, 7, 7, 2, 6, 5, 9, 4, 2, 2]
Approximated HD error: 5.581667%	Area percentage: 89.122218%	Time used: 1809.647469 sec
[6, 5, 11, 2, 16, 4, 5, 4, 6, 2, 7, 2, 2, 4, 7, 1, 4, 8, 2, 2, 2, 10, 3, 2, 2, 2, 3, 11, 1, 5, 3, 3, 6, 3, 1, 2, 3, 4, 8, 5, 1, 7, 7, 2, 6, 5, 9, 4, 2, 2]
Approximated HD error: 5.847500%	Area percentage: 88.576228%	Time used: 1786.517036 sec
[6, 5, 11, 2, 16, 4, 5, 4, 6, 2, 7, 2, 2, 4, 7, 1, 4, 8, 2, 2, 2, 10, 3, 2, 2, 2, 3, 11, 1, 5, 3, 2, 6, 3, 1, 2, 3, 4, 8, 5, 1, 7, 7, 2, 6, 5, 9, 4, 2, 2]
Approximated HD error: 5.847500%	Area percentage: 88.114238%	Time used: 1787.022897 sec
[6, 5, 11, 2, 16, 4, 5, 4, 6, 2, 7, 2, 2, 4, 7, 1, 4, 8, 2, 2, 2, 10, 3, 2, 2, 2, 3, 10, 1, 5, 3, 2, 6, 3, 1, 2, 3, 4, 8, 5, 1, 7, 7, 2, 6, 5, 9, 4, 2, 2]
Approximated HD error: 5.886667%	Area percentage: 87.694246%	Time used: 1687.766167 sec
[6, 5, 11, 2, 16, 4, 5, 4, 6, 2, 7, 2, 2, 4, 7, 1, 4, 8, 2, 2, 2, 9, 3, 2, 2, 2, 3, 10, 1, 5, 3, 2, 6, 3, 1, 2, 3, 4, 8, 5, 1, 7, 7, 2, 6, 5, 9, 4, 2, 2]
Approximated HD error: 5.922500%	Area percentage: 87.274255%	Time used: 1710.696790 sec
[6, 5, 11, 2, 16, 4, 5, 4, 6, 2, 7, 2, 2, 4, 7, 1, 4, 8, 2, 2, 2, 9, 3, 2, 2, 2, 3, 10, 1, 4, 3, 2, 6, 3, 1, 2, 3, 4, 8, 5, 1, 7, 7, 2, 6, 5, 9, 4, 2, 2]
Approximated HD error: 5.922500%	Area percentage: 86.854263%	Time used: 1698.037009 sec
[6, 5, 11, 2, 16, 4, 5, 4, 6, 2, 7, 2, 2, 4, 7, 1, 4, 8, 2, 2, 2, 9, 3, 2, 2, 2, 3, 10, 1, 4, 2, 2, 6, 3, 1, 2, 3, 4, 8, 5, 1, 7, 7, 2, 6, 5, 9, 4, 2, 2]
Approximated HD error: 6.109167%	Area percentage: 86.476270%	Time used: 1700.892633 sec
[6, 5, 11, 2, 16, 4, 5, 4, 6, 2, 7, 2, 2, 4, 7, 1, 4, 8, 2, 2, 2, 9, 3, 2, 2, 2, 3, 10, 1, 4, 2, 2, 6, 2, 1, 2, 3, 4, 8, 5, 1, 7, 7, 2, 6, 5, 9, 4, 2, 2]
Approximated HD error: 6.109167%	Area percentage: 86.098278%	Time used: 1646.574328 sec
[6, 5, 11, 2, 16, 4, 5, 4, 6, 2, 7, 2, 2, 4, 7, 1, 4, 8, 2, 2, 2, 8, 3, 2, 2, 2, 3, 10, 1, 4, 2, 2, 6, 2, 1, 2, 3, 4, 8, 5, 1, 7, 7, 2, 6, 5, 9, 4, 2, 2]
Approximated HD error: 6.112500%	Area percentage: 85.762285%	Time used: 1597.538099 sec
[6, 5, 11, 2, 16, 4, 5, 4, 6, 2, 7, 2, 2, 4, 7, 1, 4, 7, 2, 2, 2, 8, 3, 2, 2, 2, 3, 10, 1, 4, 2, 2, 6, 2, 1, 2, 3, 4, 8, 5, 1, 7, 7, 2, 6, 5, 9, 4, 2, 2]
Approximated HD error: 6.112500%	Area percentage: 85.426291%	Time used: 1586.058474 sec
[6, 5, 11, 2, 16, 4, 5, 4, 5, 2, 7, 2, 2, 4, 7, 1, 4, 7, 2, 2, 2, 8, 3, 2, 2, 2, 3, 10, 1, 4, 2, 2, 6, 2, 1, 2, 3, 4, 8, 5, 1, 7, 7, 2, 6, 5, 9, 4, 2, 2]
Approximated HD error: 6.128333%	Area percentage: 85.090298%	Time used: 1584.837581 sec
[6, 5, 11, 2, 16, 4, 5, 4, 4, 2, 7, 2, 2, 4, 7, 1, 4, 7, 2, 2, 2, 8, 3, 2, 2, 2, 3, 10, 1, 4, 2, 2, 6, 2, 1, 2, 3, 4, 8, 5, 1, 7, 7, 2, 6, 5, 9, 4, 2, 2]
Approximated HD error: 6.128333%	Area percentage: 83.998320%	Time used: 1628.490099 sec
[6, 5, 11, 2, 16, 4, 5, 4, 4, 2, 7, 2, 2, 4, 7, 1, 3, 7, 2, 2, 2, 8, 3, 2, 2, 2, 3, 10, 1, 4, 2, 2, 6, 2, 1, 2, 3, 4, 8, 5, 1, 7, 7, 2, 6, 5, 9, 4, 2, 2]
Approximated HD error: 6.400000%	Area percentage: 83.704326%	Time used: 1672.131499 sec
[6, 5, 11, 2, 16, 4, 5, 4, 4, 2, 7, 2, 2, 4, 7, 1, 3, 7, 2, 2, 2, 8, 3, 2, 2, 2, 3, 10, 1, 4, 2, 2, 6, 2, 1, 2, 3, 4, 8, 5, 1, 7, 7, 2, 6, 5, 9, 3, 2, 2]
Approximated HD error: 6.400000%	Area percentage: 83.452331%	Time used: 1666.250086 sec
