[3, 15, 8, 16, 6, 6, 16, 16, 12, 12, 12, 3, 16, 16, 10, 4, 16, 8, 8, 16, 4, 6, 8, 16, 10, 4, 16, 8, 10, 4]
Approximated HD error: 0.141128%	Area percentage: 99.236225%	Time used: 1074.999915 sec
[3, 15, 8, 16, 6, 6, 16, 16, 12, 12, 12, 3, 16, 16, 10, 4, 16, 8, 8, 16, 4, 6, 8, 16, 9, 4, 16, 8, 10, 4]
Approximated HD error: 0.843502%	Area percentage: 98.745226%	Time used: 1040.000535 sec
[3, 15, 8, 16, 6, 6, 16, 16, 12, 12, 12, 3, 16, 16, 10, 4, 16, 8, 8, 16, 3, 6, 8, 16, 9, 4, 16, 8, 10, 4]
Approximated HD error: 0.930233%	Area percentage: 98.363339%	Time used: 1035.161630 sec
[3, 15, 8, 16, 6, 6, 16, 15, 12, 12, 12, 3, 16, 16, 10, 4, 16, 8, 8, 16, 3, 6, 8, 16, 9, 4, 16, 8, 10, 4]
Approximated HD error: 0.931907%	Area percentage: 97.981451%	Time used: 1035.977460 sec
[3, 15, 8, 16, 6, 6, 16, 14, 12, 12, 12, 3, 16, 16, 10, 4, 16, 8, 8, 16, 3, 6, 8, 16, 9, 4, 16, 8, 10, 4]
Approximated HD error: 0.933774%	Area percentage: 97.599564%	Time used: 1057.930979 sec
[3, 15, 8, 16, 6, 6, 16, 13, 12, 12, 12, 3, 16, 16, 10, 4, 16, 8, 8, 16, 3, 6, 8, 16, 9, 4, 16, 8, 10, 4]
Approximated HD error: 0.934903%	Area percentage: 97.217676%	Time used: 1058.688825 sec
[3, 15, 8, 16, 6, 6, 16, 12, 12, 12, 12, 3, 16, 16, 10, 4, 16, 8, 8, 16, 3, 6, 8, 16, 9, 4, 16, 8, 10, 4]
Approximated HD error: 0.936809%	Area percentage: 96.835788%	Time used: 1055.650698 sec
[3, 15, 8, 16, 6, 6, 16, 11, 12, 12, 12, 3, 16, 16, 10, 4, 16, 8, 8, 16, 3, 6, 8, 16, 9, 4, 16, 8, 10, 4]
Approximated HD error: 0.938482%	Area percentage: 96.453901%	Time used: 1050.658358 sec
[3, 15, 8, 16, 6, 6, 16, 10, 12, 12, 12, 3, 16, 16, 10, 4, 16, 8, 8, 16, 3, 6, 8, 16, 9, 4, 16, 8, 10, 4]
Approximated HD error: 0.939961%	Area percentage: 96.072013%	Time used: 1056.123271 sec
[2, 15, 8, 16, 6, 6, 16, 10, 12, 12, 12, 3, 16, 16, 10, 4, 16, 8, 8, 16, 3, 6, 8, 16, 9, 4, 16, 8, 10, 4]
Approximated HD error: 0.941556%	Area percentage: 95.744681%	Time used: 1052.356299 sec
[2, 15, 8, 16, 6, 6, 16, 10, 12, 12, 12, 3, 16, 16, 10, 3, 16, 8, 8, 16, 3, 6, 8, 16, 9, 4, 16, 8, 10, 4]
Approximated HD error: 0.943074%	Area percentage: 95.417349%	Time used: 1013.546629 sec
[2, 15, 8, 16, 6, 6, 16, 10, 12, 12, 12, 3, 16, 16, 10, 2, 16, 8, 8, 16, 3, 6, 8, 16, 9, 4, 16, 8, 10, 4]
Approximated HD error: 0.944202%	Area percentage: 95.090016%	Time used: 1013.122273 sec
[2, 15, 8, 16, 6, 6, 16, 10, 12, 12, 12, 3, 16, 16, 9, 2, 16, 8, 8, 16, 3, 6, 8, 16, 9, 4, 16, 8, 10, 4]
Approximated HD error: 0.944202%	Area percentage: 94.762684%	Time used: 969.092119 sec
[2, 15, 8, 16, 6, 6, 16, 10, 12, 12, 12, 3, 16, 16, 8, 2, 16, 8, 8, 16, 3, 6, 8, 16, 9, 4, 16, 8, 10, 4]
Approximated HD error: 0.944202%	Area percentage: 94.435352%	Time used: 976.267434 sec
[2, 15, 8, 16, 6, 6, 16, 10, 12, 12, 12, 3, 16, 16, 7, 2, 16, 8, 8, 16, 3, 6, 8, 16, 9, 4, 16, 8, 10, 4]
Approximated HD error: 0.944202%	Area percentage: 94.108020%	Time used: 977.783978 sec
[2, 15, 8, 16, 6, 6, 16, 10, 12, 12, 12, 3, 16, 16, 6, 2, 16, 8, 8, 16, 3, 6, 8, 16, 9, 4, 16, 8, 10, 4]
Approximated HD error: 0.945798%	Area percentage: 93.780687%	Time used: 981.495984 sec
[2, 15, 8, 16, 6, 6, 16, 10, 12, 12, 12, 3, 16, 16, 5, 2, 16, 8, 8, 16, 3, 6, 8, 16, 9, 4, 16, 8, 10, 4]
Approximated HD error: 0.947043%	Area percentage: 93.453355%	Time used: 979.961972 sec
[2, 15, 8, 16, 6, 6, 16, 10, 12, 12, 12, 3, 16, 16, 4, 2, 16, 8, 8, 16, 3, 6, 8, 16, 9, 4, 16, 8, 10, 4]
Approximated HD error: 0.948638%	Area percentage: 93.126023%	Time used: 981.337535 sec
[2, 15, 8, 16, 6, 6, 16, 10, 12, 12, 12, 3, 16, 16, 3, 2, 16, 8, 8, 16, 3, 6, 8, 16, 9, 4, 16, 8, 10, 4]
Approximated HD error: 1.114086%	Area percentage: 92.471358%	Time used: 977.859861 sec
[2, 15, 8, 16, 6, 6, 16, 10, 12, 12, 12, 3, 16, 16, 3, 2, 16, 8, 8, 16, 3, 6, 8, 16, 9, 4, 16, 8, 10, 3]
Approximated HD error: 1.177315%	Area percentage: 92.144026%	Time used: 980.046035 sec
[2, 15, 8, 16, 6, 6, 16, 10, 12, 12, 12, 3, 16, 16, 3, 2, 16, 8, 8, 16, 3, 6, 8, 16, 9, 4, 16, 8, 10, 2]
Approximated HD error: 1.074669%	Area percentage: 91.762139%	Time used: 980.672129 sec
[2, 15, 8, 16, 6, 6, 16, 10, 12, 12, 12, 3, 16, 16, 3, 2, 16, 8, 8, 16, 3, 6, 8, 16, 9, 4, 16, 8, 9, 2]
Approximated HD error: 1.074669%	Area percentage: 91.434806%	Time used: 945.027552 sec
[2, 15, 8, 16, 6, 6, 16, 10, 12, 12, 12, 3, 16, 16, 3, 2, 16, 8, 8, 16, 3, 6, 8, 16, 9, 4, 16, 8, 8, 2]
Approximated HD error: 1.074669%	Area percentage: 91.107474%	Time used: 934.757534 sec
[2, 15, 8, 16, 6, 6, 16, 10, 12, 12, 12, 3, 16, 16, 3, 2, 16, 8, 8, 16, 3, 6, 8, 16, 9, 4, 16, 8, 7, 2]
Approximated HD error: 1.074669%	Area percentage: 90.780142%	Time used: 933.093952 sec
[2, 15, 8, 16, 6, 6, 16, 10, 12, 12, 12, 2, 16, 16, 3, 2, 16, 8, 8, 16, 3, 6, 8, 16, 9, 4, 16, 8, 7, 2]
Approximated HD error: 1.074669%	Area percentage: 87.670486%	Time used: 931.726161 sec
[2, 15, 8, 16, 6, 6, 16, 10, 12, 12, 12, 2, 16, 16, 3, 2, 16, 8, 8, 16, 3, 6, 8, 16, 9, 4, 16, 8, 6, 2]
Approximated HD error: 1.074669%	Area percentage: 90.125477%	Time used: 908.390241 sec
[2, 15, 8, 16, 6, 6, 16, 10, 12, 12, 12, 2, 16, 16, 3, 2, 16, 8, 8, 16, 3, 6, 8, 16, 9, 4, 16, 7, 6, 2]
Approximated HD error: 1.074669%	Area percentage: 84.560829%	Time used: 907.521328 sec
[2, 15, 8, 16, 6, 6, 16, 10, 12, 12, 12, 2, 16, 16, 3, 2, 16, 8, 8, 16, 3, 6, 8, 16, 9, 4, 16, 7, 5, 2]
Approximated HD error: 1.074669%	Area percentage: 89.470813%	Time used: 909.474164 sec
[2, 15, 8, 16, 6, 6, 16, 10, 12, 12, 12, 2, 16, 16, 3, 2, 16, 8, 8, 16, 3, 6, 8, 16, 9, 4, 16, 7, 4, 2]
Approximated HD error: 1.074669%	Area percentage: 89.143481%	Time used: 909.292173 sec
[2, 15, 8, 16, 6, 6, 16, 10, 12, 12, 12, 2, 16, 16, 3, 2, 16, 8, 8, 16, 3, 6, 8, 16, 9, 4, 16, 7, 3, 2]
Approximated HD error: 1.076148%	Area percentage: 88.816148%	Time used: 898.858070 sec
[2, 15, 8, 16, 6, 6, 16, 10, 12, 12, 12, 2, 16, 16, 3, 2, 16, 8, 8, 16, 3, 6, 8, 16, 9, 4, 16, 7, 2, 2]
Approximated HD error: 1.077626%	Area percentage: 88.488816%	Time used: 898.060381 sec
[2, 15, 8, 16, 6, 6, 16, 10, 12, 12, 12, 2, 16, 16, 3, 2, 16, 8, 8, 16, 3, 6, 8, 16, 9, 4, 16, 6, 2, 2]
Approximated HD error: 1.077626%	Area percentage: 88.161484%	Time used: 860.938853 sec
[2, 15, 8, 16, 6, 6, 16, 10, 12, 12, 12, 2, 16, 16, 3, 2, 16, 8, 8, 16, 3, 6, 8, 16, 9, 4, 16, 5, 2, 2]
Approximated HD error: 1.079105%	Area percentage: 87.834152%	Time used: 861.762264 sec
[2, 15, 8, 16, 6, 6, 16, 10, 12, 12, 12, 2, 16, 16, 3, 2, 16, 8, 8, 16, 3, 6, 8, 16, 9, 4, 16, 4, 2, 2]
Approximated HD error: 1.080739%	Area percentage: 87.506819%	Time used: 829.663231 sec
[2, 15, 8, 16, 6, 6, 16, 10, 12, 12, 12, 2, 16, 16, 3, 2, 16, 8, 8, 16, 3, 6, 8, 16, 9, 4, 16, 3, 2, 2]
Approximated HD error: 1.081829%	Area percentage: 87.179487%	Time used: 838.133704 sec
[2, 15, 8, 16, 6, 6, 16, 10, 12, 12, 12, 2, 16, 16, 3, 2, 16, 8, 8, 16, 3, 6, 8, 16, 9, 4, 16, 2, 2, 2]
Approximated HD error: 1.083541%	Area percentage: 86.852155%	Time used: 833.002930 sec
[2, 15, 8, 16, 6, 6, 16, 10, 12, 12, 12, 2, 16, 15, 3, 2, 16, 8, 8, 16, 3, 6, 8, 16, 9, 4, 16, 2, 2, 2]
Approximated HD error: 1.083541%	Area percentage: 86.524823%	Time used: 797.102302 sec
[2, 15, 8, 16, 6, 6, 16, 10, 12, 12, 12, 2, 16, 14, 3, 2, 16, 8, 8, 16, 3, 6, 8, 16, 9, 4, 16, 2, 2, 2]
Approximated HD error: 1.083541%	Area percentage: 86.197490%	Time used: 801.485388 sec
[2, 15, 8, 16, 6, 6, 16, 10, 12, 12, 12, 2, 16, 13, 3, 2, 16, 8, 8, 16, 3, 6, 8, 16, 9, 4, 16, 2, 2, 2]
Approximated HD error: 1.083541%	Area percentage: 85.870158%	Time used: 800.422629 sec
[2, 15, 8, 16, 6, 6, 16, 10, 12, 12, 12, 2, 16, 12, 3, 2, 16, 8, 8, 16, 3, 6, 8, 16, 9, 4, 16, 2, 2, 2]
Approximated HD error: 1.085292%	Area percentage: 84.888161%	Time used: 807.979632 sec
[2, 15, 8, 16, 6, 6, 16, 10, 12, 12, 12, 2, 16, 11, 3, 2, 16, 8, 8, 16, 3, 6, 8, 16, 9, 4, 16, 2, 2, 2]
Approximated HD error: 1.085292%	Area percentage: 85.215494%	Time used: 801.881711 sec
[2, 15, 8, 16, 6, 6, 16, 10, 12, 12, 12, 2, 16, 10, 3, 2, 16, 8, 8, 16, 3, 6, 8, 16, 9, 4, 16, 2, 2, 2]
Approximated HD error: 1.086848%	Area percentage: 84.888161%	Time used: 801.391639 sec
[2, 15, 8, 16, 6, 6, 16, 10, 12, 12, 12, 2, 16, 9, 3, 2, 16, 8, 8, 16, 3, 6, 8, 16, 9, 4, 16, 2, 2, 2]
Approximated HD error: 1.086848%	Area percentage: 84.560829%	Time used: 805.633228 sec
[2, 15, 8, 16, 6, 6, 16, 10, 12, 12, 12, 2, 16, 8, 3, 2, 16, 8, 8, 16, 3, 6, 8, 16, 9, 4, 16, 2, 2, 2]
Approximated HD error: 1.088599%	Area percentage: 84.233497%	Time used: 806.003384 sec
[2, 15, 8, 16, 6, 6, 16, 10, 12, 12, 12, 2, 16, 7, 3, 2, 16, 8, 8, 16, 3, 6, 8, 16, 9, 4, 16, 2, 2, 2]
Approximated HD error: 1.088599%	Area percentage: 83.906165%	Time used: 805.384168 sec
[2, 15, 8, 16, 6, 6, 16, 10, 12, 12, 12, 2, 16, 6, 3, 2, 16, 8, 8, 16, 3, 6, 8, 16, 9, 4, 16, 2, 2, 2]
Approximated HD error: 1.090039%	Area percentage: 83.578833%	Time used: 807.203379 sec
[2, 15, 8, 16, 6, 6, 16, 10, 12, 12, 12, 2, 16, 5, 3, 2, 16, 8, 8, 16, 3, 6, 8, 16, 9, 4, 16, 2, 2, 2]
Approximated HD error: 1.090039%	Area percentage: 83.251500%	Time used: 807.530173 sec
[2, 15, 8, 16, 6, 6, 16, 10, 12, 12, 12, 2, 16, 4, 3, 2, 16, 8, 8, 16, 3, 6, 8, 16, 9, 4, 16, 2, 2, 2]
Approximated HD error: 1.091829%	Area percentage: 82.924168%	Time used: 804.399000 sec
[2, 15, 8, 16, 6, 6, 16, 10, 12, 12, 12, 2, 16, 3, 3, 2, 16, 8, 8, 16, 3, 6, 8, 16, 9, 4, 16, 2, 2, 2]
Approximated HD error: 1.091829%	Area percentage: 82.596836%	Time used: 808.084503 sec
[2, 15, 8, 16, 6, 6, 16, 10, 12, 12, 12, 2, 16, 2, 3, 2, 16, 8, 8, 16, 3, 6, 8, 16, 9, 4, 16, 2, 2, 2]
Approximated HD error: 1.091829%	Area percentage: 82.269504%	Time used: 803.852636 sec
[2, 15, 8, 16, 6, 6, 16, 10, 12, 12, 12, 2, 16, 2, 3, 2, 16, 8, 8, 16, 3, 6, 8, 16, 9, 4, 15, 2, 2, 2]
Approximated HD error: 1.093424%	Area percentage: 81.942171%	Time used: 760.208154 sec
[2, 15, 8, 16, 6, 6, 16, 10, 12, 12, 12, 2, 16, 2, 3, 2, 16, 8, 8, 16, 3, 6, 8, 16, 9, 4, 14, 2, 2, 2]
Approximated HD error: 1.095058%	Area percentage: 81.614839%	Time used: 774.619185 sec
[2, 15, 8, 16, 6, 6, 16, 10, 12, 12, 12, 2, 16, 2, 3, 2, 16, 8, 8, 16, 3, 6, 8, 16, 9, 4, 13, 2, 2, 2]
Approximated HD error: 1.096770%	Area percentage: 81.287507%	Time used: 768.213583 sec
[2, 15, 8, 16, 6, 6, 16, 10, 12, 12, 12, 2, 16, 2, 3, 2, 16, 8, 8, 16, 3, 6, 8, 16, 9, 4, 12, 2, 2, 2]
Approximated HD error: 1.097860%	Area percentage: 80.960175%	Time used: 772.568599 sec
[2, 15, 8, 16, 6, 6, 16, 10, 12, 12, 12, 2, 16, 2, 3, 2, 16, 8, 8, 16, 3, 6, 8, 16, 9, 4, 11, 2, 2, 2]
Approximated HD error: 1.099572%	Area percentage: 80.632842%	Time used: 765.730917 sec
[2, 15, 8, 16, 6, 6, 16, 10, 12, 12, 12, 2, 16, 2, 3, 2, 16, 8, 8, 16, 3, 6, 8, 16, 9, 4, 10, 2, 2, 2]
Approximated HD error: 1.101440%	Area percentage: 80.305510%	Time used: 770.325606 sec
[2, 15, 8, 16, 6, 6, 16, 10, 12, 12, 12, 2, 16, 2, 3, 2, 16, 8, 8, 16, 3, 6, 8, 16, 9, 4, 9, 2, 2, 2]
Approximated HD error: 1.103346%	Area percentage: 79.978178%	Time used: 799.992317 sec
[2, 15, 8, 16, 6, 6, 16, 10, 12, 12, 12, 2, 16, 2, 3, 2, 16, 8, 8, 16, 3, 6, 8, 16, 9, 4, 8, 2, 2, 2]
Approximated HD error: 1.104981%	Area percentage: 79.650846%	Time used: 816.265317 sec
[2, 15, 8, 16, 6, 6, 16, 10, 12, 12, 12, 2, 16, 2, 3, 2, 16, 8, 8, 16, 3, 6, 8, 16, 9, 4, 7, 2, 2, 2]
Approximated HD error: 1.106070%	Area percentage: 79.323513%	Time used: 815.624175 sec
[2, 15, 8, 16, 6, 6, 16, 10, 12, 12, 12, 2, 16, 2, 3, 2, 16, 8, 8, 16, 3, 6, 8, 16, 9, 4, 6, 2, 2, 2]
Approximated HD error: 1.107588%	Area percentage: 78.996181%	Time used: 804.571029 sec
[2, 15, 8, 16, 6, 6, 16, 10, 12, 12, 12, 2, 16, 2, 3, 2, 16, 8, 8, 16, 3, 6, 8, 16, 9, 4, 5, 2, 2, 2]
Approximated HD error: 1.108949%	Area percentage: 78.668849%	Time used: 810.987647 sec
[2, 15, 8, 16, 6, 6, 16, 10, 12, 12, 12, 2, 16, 2, 3, 2, 16, 8, 8, 16, 3, 6, 8, 16, 9, 4, 4, 2, 2, 2]
Approximated HD error: 1.110895%	Area percentage: 78.341517%	Time used: 809.082647 sec
[2, 15, 8, 16, 6, 6, 16, 10, 12, 12, 12, 2, 16, 2, 3, 2, 16, 8, 8, 16, 3, 6, 8, 16, 9, 4, 3, 2, 2, 2]
Approximated HD error: 1.112101%	Area percentage: 78.014184%	Time used: 799.077547 sec
