AIG network stored
Verilog file written
Partitioning stored AIG network

Partition 0:
Number of Logic Cones = 4
Inputs: 116 117 118 244 245 246 1172 
86: 0
Outputs: 1178 1186 1194 1196 

Partition 1:
Number of Logic Cones = 4
Inputs: 113 114 115 241 242 243 1148 
86: 0
Outputs: 1154 1162 1170 1172 

Partition 2:
Number of Logic Cones = 4
Inputs: 126 127 128 254 255 256 1252 
86: 0
Outputs: 1258 1266 1274 1276 

Partition 3:
Number of Logic Cones = 4
Inputs: 123 124 125 251 252 253 1228 
86: 0
Outputs: 1234 1242 1250 1252 

Partition 4:
Number of Logic Cones = 5
Inputs: 119 120 121 122 247 248 249 250 1196 
86: 0
Outputs: 1202 1210 1218 1226 1228 

Partition 5:
Number of Logic Cones = 4
Inputs: 107 108 109 235 236 237 1100 
86: 0
Outputs: 1106 1114 1122 1124 

Partition 6:
Number of Logic Cones = 4
Inputs: 110 111 112 238 239 240 1124 
86: 0
Outputs: 1130 1138 1146 1148 

Partition 7:
Number of Logic Cones = 4
Inputs: 104 105 106 232 233 234 1076 
86: 0
Outputs: 1082 1090 1098 1100 

Partition 8:
Number of Logic Cones = 4
Inputs: 97 98 99 225 226 227 1020 
86: 0
Outputs: 1026 1034 1042 1044 

Partition 9:
Number of Logic Cones = 5
Inputs: 100 101 102 103 228 229 230 231 1044 
86: 0
Outputs: 1050 1058 1066 1074 1076 

Partition 10:
Number of Logic Cones = 4
Inputs: 94 95 96 222 223 224 996 
86: 0
Outputs: 1002 1010 1018 1020 

Partition 11:
Number of Logic Cones = 4
Inputs: 91 92 93 219 220 221 972 
86: 0
Outputs: 978 986 994 996 

Partition 12:
Number of Logic Cones = 4
Inputs: 81 82 83 209 210 211 892 
86: 0
Outputs: 898 906 914 916 

Partition 13:
Number of Logic Cones = 4
Inputs: 88 89 90 216 217 218 948 
86: 0
Outputs: 954 962 970 972 

Partition 14:
Number of Logic Cones = 5
Inputs: 84 85 86 87 212 213 214 215 916 
86: 0
Outputs: 922 930 938 946 948 

Partition 15:
Number of Logic Cones = 4
Inputs: 75 76 77 203 204 205 844 
86: 0
Outputs: 850 858 866 868 

Partition 16:
Number of Logic Cones = 4
Inputs: 78 79 80 206 207 208 868 
86: 0
Outputs: 874 882 890 892 

Partition 17:
Number of Logic Cones = 4
Inputs: 72 73 74 200 201 202 820 
86: 0
Outputs: 826 834 842 844 

Partition 18:
Number of Logic Cones = 4
Inputs: 69 70 71 197 198 199 796 
86: 0
Outputs: 802 810 818 820 

Partition 19:
Number of Logic Cones = 5
Inputs: 65 66 67 68 193 194 195 196 764 
86: 0
Outputs: 770 778 786 794 796 

Partition 20:
Number of Logic Cones = 4
Inputs: 17 18 19 145 146 147 380 
86: 0
Outputs: 386 394 402 404 

Partition 21:
Number of Logic Cones = 4
Inputs: 20 21 22 148 149 150 404 
86: 0
Outputs: 410 418 426 428 

Partition 22:
Number of Logic Cones = 4
Inputs: 30 31 32 158 159 160 484 
86: 0
Outputs: 490 498 506 508 

Partition 23:
Number of Logic Cones = 5
Inputs: 23 24 25 26 151 152 153 154 428 
86: 0
Outputs: 434 442 450 458 460 

Partition 24:
Number of Logic Cones = 4
Inputs: 27 28 29 155 156 157 460 
86: 0
Outputs: 466 474 482 484 

Partition 25:
Number of Logic Cones = 4
Inputs: 11 12 13 139 140 141 332 
86: 0
Outputs: 338 346 354 356 

Partition 26:
Number of Logic Cones = 4
Inputs: 14 15 16 142 143 144 356 
86: 0
Outputs: 362 370 378 380 

Partition 27:
Number of Logic Cones = 4
Inputs: 8 9 10 136 137 138 308 
86: 0
Outputs: 314 322 330 332 

Partition 28:
Number of Logic Cones = 5
Inputs: 1 2 3 4 129 130 131 132 
86: 0
Outputs: 259 266 274 282 284 

Partition 29:
Number of Logic Cones = 4
Inputs: 0 5 6 7 133 134 135 284 
86: 0
Outputs: 290 298 306 308 

Partition 30:
Number of Logic Cones = 4
Inputs: 59 60 61 187 188 189 716 
86: 0
Outputs: 722 730 738 740 

Partition 31:
Number of Logic Cones = 4
Inputs: 62 63 64 190 191 192 740 
86: 0
Outputs: 746 754 762 764 

Partition 32:
Number of Logic Cones = 4
Inputs: 56 57 58 184 185 186 692 
86: 0
Outputs: 698 706 714 716 

Partition 33:
Number of Logic Cones = 5
Inputs: 49 50 51 52 177 178 179 180 636 
86: 0
Outputs: 642 650 658 666 668 

Partition 34:
Number of Logic Cones = 4
Inputs: 53 54 55 181 182 183 668 
86: 0
Outputs: 674 682 690 692 

Partition 35:
Number of Logic Cones = 4
Inputs: 46 47 48 174 175 176 612 
86: 0
Outputs: 618 626 634 636 

Partition 36:
Number of Logic Cones = 4
Inputs: 43 44 45 171 172 173 588 
86: 0
Outputs: 594 602 610 612 

Partition 37:
Number of Logic Cones = 4
Inputs: 33 34 35 161 162 163 508 
86: 0
Outputs: 514 522 530 532 

Partition 38:
Number of Logic Cones = 4
Inputs: 36 37 38 164 165 166 532 
86: 0
Outputs: 538 546 554 556 

Partition 39:
Number of Logic Cones = 5
Inputs: 39 40 41 42 167 168 169 170 556 
86: 0
Outputs: 562 570 578 586 588 

read_verilog adder.v; partitioning 40; get_all_partitions output/partition